\BOOKMARK [0][-]{section*.1}{LEMBAR PENGESAHAN}{}% 1
\BOOKMARK [0][-]{section*.5}{LEMBAR PERNYATAAN HASIL KARYA PRIBADI}{}% 2
\BOOKMARK [0][-]{section*.8}{ABSTRAK}{}% 3
\BOOKMARK [0][-]{section*.9}{ABSTRACT}{}% 4
\BOOKMARK [0][-]{section*.10}{PEDOMAN PENGGUNAAN TUGAS AKHIR}{}% 5
\BOOKMARK [0][-]{section*.12}{KATA PENGANTAR}{}% 6
\BOOKMARK [0][-]{section*.14}{DAFTAR ISI}{}% 7
\BOOKMARK [0][-]{section*.15}{DAFTAR TABEL}{}% 8
\BOOKMARK [0][-]{section*.16}{DAFTAR GAMBAR}{}% 9
\BOOKMARK [0][-]{chapter.1}{PENDAHULUAN}{}% 10
\BOOKMARK [1][-]{section.1.1}{Latar Belakang}{chapter.1}% 11
\BOOKMARK [1][-]{section.1.2}{Rumusan Masalah}{chapter.1}% 12
\BOOKMARK [1][-]{section.1.3}{Tujuan Penelitian}{chapter.1}% 13
\BOOKMARK [1][-]{section.1.4}{Batasan Masalah}{chapter.1}% 14
\BOOKMARK [1][-]{section.1.5}{Kontribusi Penelitian}{chapter.1}% 15
\BOOKMARK [2][-]{subsection.1.5.1}{Pengumpulan Data}{section.1.5}% 16
\BOOKMARK [1][-]{section.1.6}{Metode Peneliatian}{chapter.1}% 17
\BOOKMARK [2][-]{subsection.1.6.1}{Sistematika Penulisan}{section.1.6}% 18
\BOOKMARK [0][-]{chapter.2}{LANDASAN TEORI}{}% 19
\BOOKMARK [1][-]{section.2.1}{Tinjauan Pustaka}{chapter.2}% 20
\BOOKMARK [1][-]{section.2.2}{Tinjauan Studi}{chapter.2}% 21
\BOOKMARK [1][-]{section.2.3}{Tinjauan Objek}{chapter.2}% 22
\BOOKMARK [1][-]{section.2.4}{Pengembangan Sistem}{chapter.2}% 23
\BOOKMARK [1][-]{section.2.5}{Perangkat Lunak Pendukung}{chapter.2}% 24
\BOOKMARK [0][-]{chapter.3}{ANALISIS DAN PERANCANGAN SISTEM}{}% 25
\BOOKMARK [1][-]{section.3.1}{Kerangka Pemikiran}{chapter.3}% 26
\BOOKMARK [1][-]{section.3.2}{Tahap Analisis}{chapter.3}% 27
\BOOKMARK [2][-]{subsection.3.2.1}{Analisis Masalah}{section.3.2}% 28
\BOOKMARK [2][-]{subsection.3.2.2}{Alur Proses Sistem \(Flowchart\)}{section.3.2}% 29
\BOOKMARK [2][-]{subsection.3.2.3}{Basis Pengetahuan}{section.3.2}% 30
\BOOKMARK [2][-]{subsection.3.2.4}{Penerapan Metode Yang Diusulkan}{section.3.2}% 31
\BOOKMARK [1][-]{section.3.3}{Perancangan Sistem}{chapter.3}% 32
\BOOKMARK [2][-]{subsection.3.3.1}{Use Case Diagram}{section.3.3}% 33
\BOOKMARK [2][-]{subsection.3.3.2}{Entity Relationship Diagram \(ERD\)}{section.3.3}% 34
\BOOKMARK [2][-]{subsection.3.3.3}{Model yang Diusulkan}{section.3.3}% 35
\BOOKMARK [2][-]{subsection.3.3.4}{Acitivity Diagram yang Diusulkan}{section.3.3}% 36
\BOOKMARK [2][-]{subsection.3.3.5}{Perancangan Prosedur Sistem}{section.3.3}% 37
\BOOKMARK [2][-]{subsection.3.3.6}{Perancangan Antarmuka \(Interface\)}{section.3.3}% 38
\BOOKMARK [0][-]{chapter.4}{IMPLEMENTASI DAN PENGUJIAN}{}% 39
\BOOKMARK [1][-]{section.4.1}{Implementasi}{chapter.4}% 40
\BOOKMARK [2][-]{subsection.4.1.1}{Lingkungan Perangkat Lunak}{section.4.1}% 41
\BOOKMARK [2][-]{subsection.4.1.2}{Spesifikasi Perangkat Keras}{section.4.1}% 42
\BOOKMARK [2][-]{subsection.4.1.3}{Impelementasi Antarmuka}{section.4.1}% 43
\BOOKMARK [2][-]{subsection.4.1.4}{Pengguna Program}{section.4.1}% 44
\BOOKMARK [1][-]{section.4.2}{Pengujian}{chapter.4}% 45
\BOOKMARK [2][-]{subsection.4.2.1}{Pengujian Blackbox}{section.4.2}% 46
\BOOKMARK [2][-]{subsection.4.2.2}{Pengujian Whitebox}{section.4.2}% 47
\BOOKMARK [0][-]{chapter.5}{PENUTUP}{}% 48
\BOOKMARK [1][-]{section.5.1}{Kesimpulan}{chapter.5}% 49
\BOOKMARK [2][-]{subsection.5.1.1}{Saran}{section.5.1}% 50
\BOOKMARK [0][-]{section*.20}{DAFTAR PUSTAKA}{}% 51
